<?xml version="1.0" encoding="UTF-8"?>
<testsuite xmlns:xsi="http://www.w3.org/2001/XMLSchema-instance" xsi:noNamespaceSchemaLocation="https://maven.apache.org/surefire/maven-surefire-plugin/xsd/surefire-test-report-3.0.xsd" version="3.0" name="TestSuite" time="26.96" tests="8" errors="0" skipped="0" failures="5">
  <properties>
    <property name="sun.desktop" value="gnome"/>
    <property name="awt.toolkit" value="sun.awt.X11.XToolkit"/>
    <property name="java.specification.version" value="11"/>
    <property name="webdriver.chrome.driver" value="/home/qbuser/.cache/selenium/chromedriver/linux64/104.0.5112.79/chromedriver"/>
    <property name="sun.cpu.isalist" value=""/>
    <property name="sun.jnu.encoding" value="UTF-8"/>
    <property name="java.class.path" value="/home/qbuser/Kadavil/IdeaWorkSpace/Selenium4CucumberHybridFramework/target/classes:/home/qbuser/Kadavil/IdeaWorkSpace/Selenium4CucumberHybridFramework/target/classes:/home/qbuser/.m2/repository/org/seleniumhq/selenium/selenium-java/4.1.1/selenium-java-4.1.1.jar:/home/qbuser/.m2/repository/org/seleniumhq/selenium/selenium-api/4.1.1/selenium-api-4.1.1.jar:/home/qbuser/.m2/repository/org/seleniumhq/selenium/selenium-chrome-driver/4.1.1/selenium-chrome-driver-4.1.1.jar:/home/qbuser/.m2/repository/com/google/auto/service/auto-service-annotations/1.0.1/auto-service-annotations-1.0.1.jar:/home/qbuser/.m2/repository/com/google/auto/service/auto-service/1.0.1/auto-service-1.0.1.jar:/home/qbuser/.m2/repository/com/google/auto/auto-common/1.2/auto-common-1.2.jar:/home/qbuser/.m2/repository/org/seleniumhq/selenium/selenium-chromium-driver/4.1.1/selenium-chromium-driver-4.1.1.jar:/home/qbuser/.m2/repository/org/seleniumhq/selenium/selenium-json/4.1.1/selenium-json-4.1.1.jar:/home/qbuser/.m2/repository/org/seleniumhq/selenium/selenium-devtools-v85/4.1.1/selenium-devtools-v85-4.1.1.jar:/home/qbuser/.m2/repository/org/seleniumhq/selenium/selenium-devtools-v94/4.1.1/selenium-devtools-v94-4.1.1.jar:/home/qbuser/.m2/repository/org/seleniumhq/selenium/selenium-devtools-v95/4.1.1/selenium-devtools-v95-4.1.1.jar:/home/qbuser/.m2/repository/org/seleniumhq/selenium/selenium-devtools-v96/4.1.1/selenium-devtools-v96-4.1.1.jar:/home/qbuser/.m2/repository/org/seleniumhq/selenium/selenium-edge-driver/4.1.1/selenium-edge-driver-4.1.1.jar:/home/qbuser/.m2/repository/org/seleniumhq/selenium/selenium-firefox-driver/4.1.1/selenium-firefox-driver-4.1.1.jar:/home/qbuser/.m2/repository/org/seleniumhq/selenium/selenium-firefox-xpi-driver/4.1.1/selenium-firefox-xpi-driver-4.1.1.jar:/home/qbuser/.m2/repository/org/seleniumhq/selenium/selenium-ie-driver/4.1.1/selenium-ie-driver-4.1.1.jar:/home/qbuser/.m2/repository/org/seleniumhq/selenium/selenium-opera-driver/4.1.1/selenium-opera-driver-4.1.1.jar:/home/qbuser/.m2/repository/org/seleniumhq/selenium/selenium-remote-driver/4.1.1/selenium-remote-driver-4.1.1.jar:/home/qbuser/.m2/repository/com/beust/jcommander/1.81/jcommander-1.81.jar:/home/qbuser/.m2/repository/io/netty/netty-buffer/4.1.70.Final/netty-buffer-4.1.70.Final.jar:/home/qbuser/.m2/repository/io/netty/netty-codec-http/4.1.70.Final/netty-codec-http-4.1.70.Final.jar:/home/qbuser/.m2/repository/io/netty/netty-codec/4.1.70.Final/netty-codec-4.1.70.Final.jar:/home/qbuser/.m2/repository/io/netty/netty-handler/4.1.70.Final/netty-handler-4.1.70.Final.jar:/home/qbuser/.m2/repository/io/netty/netty-common/4.1.70.Final/netty-common-4.1.70.Final.jar:/home/qbuser/.m2/repository/io/netty/netty-transport-classes-epoll/4.1.70.Final/netty-transport-classes-epoll-4.1.70.Final.jar:/home/qbuser/.m2/repository/io/netty/netty-transport-classes-kqueue/4.1.70.Final/netty-transport-classes-kqueue-4.1.70.Final.jar:/home/qbuser/.m2/repository/io/netty/netty-transport-native-unix-common/4.1.70.Final/netty-transport-native-unix-common-4.1.70.Final.jar:/home/qbuser/.m2/repository/io/netty/netty-transport/4.1.70.Final/netty-transport-4.1.70.Final.jar:/home/qbuser/.m2/repository/io/netty/netty-resolver/4.1.70.Final/netty-resolver-4.1.70.Final.jar:/home/qbuser/.m2/repository/io/opentelemetry/opentelemetry-api/1.9.1/opentelemetry-api-1.9.1.jar:/home/qbuser/.m2/repository/io/opentelemetry/opentelemetry-context/1.9.1/opentelemetry-context-1.9.1.jar:/home/qbuser/.m2/repository/io/opentelemetry/opentelemetry-exporter-logging/1.9.1/opentelemetry-exporter-logging-1.9.1.jar:/home/qbuser/.m2/repository/io/opentelemetry/opentelemetry-sdk-metrics/1.9.1-alpha/opentelemetry-sdk-metrics-1.9.1-alpha.jar:/home/qbuser/.m2/repository/io/opentelemetry/opentelemetry-sdk-logs/1.9.1-alpha/opentelemetry-sdk-logs-1.9.1-alpha.jar:/home/qbuser/.m2/repository/io/opentelemetry/opentelemetry-sdk-common/1.9.1/opentelemetry-sdk-common-1.9.1.jar:/home/qbuser/.m2/repository/io/opentelemetry/opentelemetry-sdk-extension-autoconfigure-spi/1.9.1/opentelemetry-sdk-extension-autoconfigure-spi-1.9.1.jar:/home/qbuser/.m2/repository/io/opentelemetry/opentelemetry-sdk-extension-autoconfigure/1.9.1-alpha/opentelemetry-sdk-extension-autoconfigure-1.9.1-alpha.jar:/home/qbuser/.m2/repository/io/opentelemetry/opentelemetry-sdk-trace/1.9.1/opentelemetry-sdk-trace-1.9.1.jar:/home/qbuser/.m2/repository/io/opentelemetry/opentelemetry-api-metrics/1.9.1-alpha/opentelemetry-api-metrics-1.9.1-alpha.jar:/home/qbuser/.m2/repository/io/opentelemetry/opentelemetry-sdk/1.9.1/opentelemetry-sdk-1.9.1.jar:/home/qbuser/.m2/repository/io/opentelemetry/opentelemetry-semconv/1.9.1-alpha/opentelemetry-semconv-1.9.1-alpha.jar:/home/qbuser/.m2/repository/io/ous/jtoml/2.0.0/jtoml-2.0.0.jar:/home/qbuser/.m2/repository/net/bytebuddy/byte-buddy/1.12.2/byte-buddy-1.12.2.jar:/home/qbuser/.m2/repository/org/apache/commons/commons-exec/1.3/commons-exec-1.3.jar:/home/qbuser/.m2/repository/org/asynchttpclient/async-http-client/2.12.3/async-http-client-2.12.3.jar:/home/qbuser/.m2/repository/org/asynchttpclient/async-http-client-netty-utils/2.12.3/async-http-client-netty-utils-2.12.3.jar:/home/qbuser/.m2/repository/io/netty/netty-codec-socks/4.1.60.Final/netty-codec-socks-4.1.60.Final.jar:/home/qbuser/.m2/repository/io/netty/netty-handler-proxy/4.1.60.Final/netty-handler-proxy-4.1.60.Final.jar:/home/qbuser/.m2/repository/io/netty/netty-transport-native-epoll/4.1.60.Final/netty-transport-native-epoll-4.1.60.Final-linux-x86_64.jar:/home/qbuser/.m2/repository/io/netty/netty-transport-native-kqueue/4.1.60.Final/netty-transport-native-kqueue-4.1.60.Final-osx-x86_64.jar:/home/qbuser/.m2/repository/com/typesafe/netty/netty-reactive-streams/2.0.4/netty-reactive-streams-2.0.4.jar:/home/qbuser/.m2/repository/com/sun/activation/jakarta.activation/1.2.2/jakarta.activation-1.2.2.jar:/home/qbuser/.m2/repository/org/seleniumhq/selenium/selenium-http/4.1.1/selenium-http-4.1.1.jar:/home/qbuser/.m2/repository/net/jodah/failsafe/2.4.4/failsafe-2.4.4.jar:/home/qbuser/.m2/repository/org/seleniumhq/selenium/selenium-safari-driver/4.1.1/selenium-safari-driver-4.1.1.jar:/home/qbuser/.m2/repository/org/seleniumhq/selenium/selenium-support/4.1.1/selenium-support-4.1.1.jar:/home/qbuser/.m2/repository/io/github/bonigarcia/webdrivermanager/5.1.0/webdrivermanager-5.1.0.jar:/home/qbuser/.m2/repository/org/slf4j/slf4j-api/1.7.36/slf4j-api-1.7.36.jar:/home/qbuser/.m2/repository/com/google/code/gson/gson/2.9.0/gson-2.9.0.jar:/home/qbuser/.m2/repository/com/github/docker-java/docker-java/3.2.13/docker-java-3.2.13.jar:/home/qbuser/.m2/repository/com/github/docker-java/docker-java-core/3.2.13/docker-java-core-3.2.13.jar:/home/qbuser/.m2/repository/com/github/docker-java/docker-java-api/3.2.13/docker-java-api-3.2.13.jar:/home/qbuser/.m2/repository/com/fasterxml/jackson/core/jackson-annotations/2.10.3/jackson-annotations-2.10.3.jar:/home/qbuser/.m2/repository/commons-io/commons-io/2.6/commons-io-2.6.jar:/home/qbuser/.m2/repository/org/apache/commons/commons-compress/1.21/commons-compress-1.21.jar:/home/qbuser/.m2/repository/com/fasterxml/jackson/core/jackson-databind/2.10.3/jackson-databind-2.10.3.jar:/home/qbuser/.m2/repository/com/fasterxml/jackson/core/jackson-core/2.10.3/jackson-core-2.10.3.jar:/home/qbuser/.m2/repository/org/bouncycastle/bcpkix-jdk15on/1.64/bcpkix-jdk15on-1.64.jar:/home/qbuser/.m2/repository/org/bouncycastle/bcprov-jdk15on/1.64/bcprov-jdk15on-1.64.jar:/home/qbuser/.m2/repository/org/slf4j/jcl-over-slf4j/1.7.30/jcl-over-slf4j-1.7.30.jar:/home/qbuser/.m2/repository/com/github/docker-java/docker-java-transport-httpclient5/3.2.13/docker-java-transport-httpclient5-3.2.13.jar:/home/qbuser/.m2/repository/com/github/docker-java/docker-java-transport/3.2.13/docker-java-transport-3.2.13.jar:/home/qbuser/.m2/repository/org/apache/httpcomponents/client5/httpclient5/5.0.3/httpclient5-5.0.3.jar:/home/qbuser/.m2/repository/org/apache/httpcomponents/core5/httpcore5/5.0.2/httpcore5-5.0.2.jar:/home/qbuser/.m2/repository/commons-codec/commons-codec/1.13/commons-codec-1.13.jar:/home/qbuser/.m2/repository/net/java/dev/jna/jna/5.8.0/jna-5.8.0.jar:/home/qbuser/.m2/repository/org/brotli/dec/0.1.2/dec-0.1.2.jar:/home/qbuser/.m2/repository/org/apache/commons/commons-lang3/3.12.0/commons-lang3-3.12.0.jar:/home/qbuser/.m2/repository/io/cucumber/cucumber-java/7.2.3/cucumber-java-7.2.3.jar:/home/qbuser/.m2/repository/io/cucumber/cucumber-core/7.2.3/cucumber-core-7.2.3.jar:/home/qbuser/.m2/repository/io/cucumber/cucumber-gherkin/7.2.3/cucumber-gherkin-7.2.3.jar:/home/qbuser/.m2/repository/io/cucumber/cucumber-gherkin-messages/7.2.3/cucumber-gherkin-messages-7.2.3.jar:/home/qbuser/.m2/repository/io/cucumber/messages/17.1.1/messages-17.1.1.jar:/home/qbuser/.m2/repository/io/cucumber/tag-expressions/4.1.0/tag-expressions-4.1.0.jar:/home/qbuser/.m2/repository/io/cucumber/cucumber-expressions/15.0.1/cucumber-expressions-15.0.1.jar:/home/qbuser/.m2/repository/io/cucumber/datatable/7.2.3/datatable-7.2.3.jar:/home/qbuser/.m2/repository/io/cucumber/cucumber-plugin/7.2.3/cucumber-plugin-7.2.3.jar:/home/qbuser/.m2/repository/io/cucumber/docstring/7.2.3/docstring-7.2.3.jar:/home/qbuser/.m2/repository/io/cucumber/html-formatter/17.0.0/html-formatter-17.0.0.jar:/home/qbuser/.m2/repository/io/cucumber/ci-environment/8.1.0/ci-environment-8.1.0.jar:/home/qbuser/.m2/repository/org/apiguardian/apiguardian-api/1.1.2/apiguardian-api-1.1.2.jar:/home/qbuser/.m2/repository/io/cucumber/cucumber-testng/7.2.3/cucumber-testng-7.2.3.jar:/home/qbuser/.m2/repository/org/testng/testng/7.4.0/testng-7.4.0.jar:/home/qbuser/.m2/repository/org/webjars/jquery/3.5.1/jquery-3.5.1.jar:/home/qbuser/.m2/repository/com/google/inject/guice/5.1.0/guice-5.1.0.jar:/home/qbuser/.m2/repository/javax/inject/javax.inject/1/javax.inject-1.jar:/home/qbuser/.m2/repository/aopalliance/aopalliance/1.0/aopalliance-1.0.jar:/home/qbuser/.m2/repository/com/google/guava/guava/30.1-jre/guava-30.1-jre.jar:/home/qbuser/.m2/repository/com/google/guava/failureaccess/1.0.1/failureaccess-1.0.1.jar:/home/qbuser/.m2/repository/com/google/guava/listenablefuture/9999.0-empty-to-avoid-conflict-with-guava/listenablefuture-9999.0-empty-to-avoid-conflict-with-guava.jar:/home/qbuser/.m2/repository/com/google/code/findbugs/jsr305/3.0.2/jsr305-3.0.2.jar:/home/qbuser/.m2/repository/org/checkerframework/checker-qual/3.5.0/checker-qual-3.5.0.jar:/home/qbuser/.m2/repository/com/google/errorprone/error_prone_annotations/2.3.4/error_prone_annotations-2.3.4.jar:/home/qbuser/.m2/repository/com/google/j2objc/j2objc-annotations/1.3/j2objc-annotations-1.3.jar:/home/qbuser/.m2/repository/io/cucumber/cucumber-guice/7.6.0/cucumber-guice-7.6.0.jar:/home/qbuser/.m2/repository/com/aventstack/extentreports/5.0.6/extentreports-5.0.6.jar:/home/qbuser/.m2/repository/io/reactivex/rxjava3/rxjava/3.0.4/rxjava-3.0.4.jar:/home/qbuser/.m2/repository/org/reactivestreams/reactive-streams/1.0.3/reactive-streams-1.0.3.jar:/home/qbuser/.m2/repository/org/freemarker/freemarker/2.3.30/freemarker-2.3.30.jar:/home/qbuser/.m2/repository/org/projectlombok/lombok/1.18.22/lombok-1.18.22.jar:/home/qbuser/.m2/repository/org/aeonbits/owner/owner-java8/1.0.12/owner-java8-1.0.12.jar:/home/qbuser/.m2/repository/org/aeonbits/owner/owner/1.0.12/owner-1.0.12.jar:"/>
    <property name="java.vm.vendor" value="Ubuntu"/>
    <property name="sun.arch.data.model" value="64"/>
    <property name="java.vendor.url" value="https://ubuntu.com/"/>
    <property name="user.timezone" value="Asia/Kolkata"/>
    <property name="java.vm.specification.version" value="11"/>
    <property name="os.name" value="Linux"/>
    <property name="sun.java.launcher" value="SUN_STANDARD"/>
    <property name="user.country" value="IN"/>
    <property name="sun.boot.library.path" value="/usr/lib/jvm/java-11-openjdk-amd64/lib"/>
    <property name="sun.java.command" value="/home/qbuser/Kadavil/IdeaWorkSpace/Selenium4CucumberHybridFramework/target/surefire/surefirebooter5063342959864642247.jar /home/qbuser/Kadavil/IdeaWorkSpace/Selenium4CucumberHybridFramework/target/surefire 2022-08-21T12-40-02_074-jvmRun1 surefire16291072176967732032tmp surefire_010973166555105307039tmp"/>
    <property name="jdk.debug" value="release"/>
    <property name="surefire.test.class.path" value="/home/qbuser/Kadavil/IdeaWorkSpace/Selenium4CucumberHybridFramework/target/classes:/home/qbuser/Kadavil/IdeaWorkSpace/Selenium4CucumberHybridFramework/target/classes:/home/qbuser/.m2/repository/org/seleniumhq/selenium/selenium-java/4.1.1/selenium-java-4.1.1.jar:/home/qbuser/.m2/repository/org/seleniumhq/selenium/selenium-api/4.1.1/selenium-api-4.1.1.jar:/home/qbuser/.m2/repository/org/seleniumhq/selenium/selenium-chrome-driver/4.1.1/selenium-chrome-driver-4.1.1.jar:/home/qbuser/.m2/repository/com/google/auto/service/auto-service-annotations/1.0.1/auto-service-annotations-1.0.1.jar:/home/qbuser/.m2/repository/com/google/auto/service/auto-service/1.0.1/auto-service-1.0.1.jar:/home/qbuser/.m2/repository/com/google/auto/auto-common/1.2/auto-common-1.2.jar:/home/qbuser/.m2/repository/org/seleniumhq/selenium/selenium-chromium-driver/4.1.1/selenium-chromium-driver-4.1.1.jar:/home/qbuser/.m2/repository/org/seleniumhq/selenium/selenium-json/4.1.1/selenium-json-4.1.1.jar:/home/qbuser/.m2/repository/org/seleniumhq/selenium/selenium-devtools-v85/4.1.1/selenium-devtools-v85-4.1.1.jar:/home/qbuser/.m2/repository/org/seleniumhq/selenium/selenium-devtools-v94/4.1.1/selenium-devtools-v94-4.1.1.jar:/home/qbuser/.m2/repository/org/seleniumhq/selenium/selenium-devtools-v95/4.1.1/selenium-devtools-v95-4.1.1.jar:/home/qbuser/.m2/repository/org/seleniumhq/selenium/selenium-devtools-v96/4.1.1/selenium-devtools-v96-4.1.1.jar:/home/qbuser/.m2/repository/org/seleniumhq/selenium/selenium-edge-driver/4.1.1/selenium-edge-driver-4.1.1.jar:/home/qbuser/.m2/repository/org/seleniumhq/selenium/selenium-firefox-driver/4.1.1/selenium-firefox-driver-4.1.1.jar:/home/qbuser/.m2/repository/org/seleniumhq/selenium/selenium-firefox-xpi-driver/4.1.1/selenium-firefox-xpi-driver-4.1.1.jar:/home/qbuser/.m2/repository/org/seleniumhq/selenium/selenium-ie-driver/4.1.1/selenium-ie-driver-4.1.1.jar:/home/qbuser/.m2/repository/org/seleniumhq/selenium/selenium-opera-driver/4.1.1/selenium-opera-driver-4.1.1.jar:/home/qbuser/.m2/repository/org/seleniumhq/selenium/selenium-remote-driver/4.1.1/selenium-remote-driver-4.1.1.jar:/home/qbuser/.m2/repository/com/beust/jcommander/1.81/jcommander-1.81.jar:/home/qbuser/.m2/repository/io/netty/netty-buffer/4.1.70.Final/netty-buffer-4.1.70.Final.jar:/home/qbuser/.m2/repository/io/netty/netty-codec-http/4.1.70.Final/netty-codec-http-4.1.70.Final.jar:/home/qbuser/.m2/repository/io/netty/netty-codec/4.1.70.Final/netty-codec-4.1.70.Final.jar:/home/qbuser/.m2/repository/io/netty/netty-handler/4.1.70.Final/netty-handler-4.1.70.Final.jar:/home/qbuser/.m2/repository/io/netty/netty-common/4.1.70.Final/netty-common-4.1.70.Final.jar:/home/qbuser/.m2/repository/io/netty/netty-transport-classes-epoll/4.1.70.Final/netty-transport-classes-epoll-4.1.70.Final.jar:/home/qbuser/.m2/repository/io/netty/netty-transport-classes-kqueue/4.1.70.Final/netty-transport-classes-kqueue-4.1.70.Final.jar:/home/qbuser/.m2/repository/io/netty/netty-transport-native-unix-common/4.1.70.Final/netty-transport-native-unix-common-4.1.70.Final.jar:/home/qbuser/.m2/repository/io/netty/netty-transport/4.1.70.Final/netty-transport-4.1.70.Final.jar:/home/qbuser/.m2/repository/io/netty/netty-resolver/4.1.70.Final/netty-resolver-4.1.70.Final.jar:/home/qbuser/.m2/repository/io/opentelemetry/opentelemetry-api/1.9.1/opentelemetry-api-1.9.1.jar:/home/qbuser/.m2/repository/io/opentelemetry/opentelemetry-context/1.9.1/opentelemetry-context-1.9.1.jar:/home/qbuser/.m2/repository/io/opentelemetry/opentelemetry-exporter-logging/1.9.1/opentelemetry-exporter-logging-1.9.1.jar:/home/qbuser/.m2/repository/io/opentelemetry/opentelemetry-sdk-metrics/1.9.1-alpha/opentelemetry-sdk-metrics-1.9.1-alpha.jar:/home/qbuser/.m2/repository/io/opentelemetry/opentelemetry-sdk-logs/1.9.1-alpha/opentelemetry-sdk-logs-1.9.1-alpha.jar:/home/qbuser/.m2/repository/io/opentelemetry/opentelemetry-sdk-common/1.9.1/opentelemetry-sdk-common-1.9.1.jar:/home/qbuser/.m2/repository/io/opentelemetry/opentelemetry-sdk-extension-autoconfigure-spi/1.9.1/opentelemetry-sdk-extension-autoconfigure-spi-1.9.1.jar:/home/qbuser/.m2/repository/io/opentelemetry/opentelemetry-sdk-extension-autoconfigure/1.9.1-alpha/opentelemetry-sdk-extension-autoconfigure-1.9.1-alpha.jar:/home/qbuser/.m2/repository/io/opentelemetry/opentelemetry-sdk-trace/1.9.1/opentelemetry-sdk-trace-1.9.1.jar:/home/qbuser/.m2/repository/io/opentelemetry/opentelemetry-api-metrics/1.9.1-alpha/opentelemetry-api-metrics-1.9.1-alpha.jar:/home/qbuser/.m2/repository/io/opentelemetry/opentelemetry-sdk/1.9.1/opentelemetry-sdk-1.9.1.jar:/home/qbuser/.m2/repository/io/opentelemetry/opentelemetry-semconv/1.9.1-alpha/opentelemetry-semconv-1.9.1-alpha.jar:/home/qbuser/.m2/repository/io/ous/jtoml/2.0.0/jtoml-2.0.0.jar:/home/qbuser/.m2/repository/net/bytebuddy/byte-buddy/1.12.2/byte-buddy-1.12.2.jar:/home/qbuser/.m2/repository/org/apache/commons/commons-exec/1.3/commons-exec-1.3.jar:/home/qbuser/.m2/repository/org/asynchttpclient/async-http-client/2.12.3/async-http-client-2.12.3.jar:/home/qbuser/.m2/repository/org/asynchttpclient/async-http-client-netty-utils/2.12.3/async-http-client-netty-utils-2.12.3.jar:/home/qbuser/.m2/repository/io/netty/netty-codec-socks/4.1.60.Final/netty-codec-socks-4.1.60.Final.jar:/home/qbuser/.m2/repository/io/netty/netty-handler-proxy/4.1.60.Final/netty-handler-proxy-4.1.60.Final.jar:/home/qbuser/.m2/repository/io/netty/netty-transport-native-epoll/4.1.60.Final/netty-transport-native-epoll-4.1.60.Final-linux-x86_64.jar:/home/qbuser/.m2/repository/io/netty/netty-transport-native-kqueue/4.1.60.Final/netty-transport-native-kqueue-4.1.60.Final-osx-x86_64.jar:/home/qbuser/.m2/repository/com/typesafe/netty/netty-reactive-streams/2.0.4/netty-reactive-streams-2.0.4.jar:/home/qbuser/.m2/repository/com/sun/activation/jakarta.activation/1.2.2/jakarta.activation-1.2.2.jar:/home/qbuser/.m2/repository/org/seleniumhq/selenium/selenium-http/4.1.1/selenium-http-4.1.1.jar:/home/qbuser/.m2/repository/net/jodah/failsafe/2.4.4/failsafe-2.4.4.jar:/home/qbuser/.m2/repository/org/seleniumhq/selenium/selenium-safari-driver/4.1.1/selenium-safari-driver-4.1.1.jar:/home/qbuser/.m2/repository/org/seleniumhq/selenium/selenium-support/4.1.1/selenium-support-4.1.1.jar:/home/qbuser/.m2/repository/io/github/bonigarcia/webdrivermanager/5.1.0/webdrivermanager-5.1.0.jar:/home/qbuser/.m2/repository/org/slf4j/slf4j-api/1.7.36/slf4j-api-1.7.36.jar:/home/qbuser/.m2/repository/com/google/code/gson/gson/2.9.0/gson-2.9.0.jar:/home/qbuser/.m2/repository/com/github/docker-java/docker-java/3.2.13/docker-java-3.2.13.jar:/home/qbuser/.m2/repository/com/github/docker-java/docker-java-core/3.2.13/docker-java-core-3.2.13.jar:/home/qbuser/.m2/repository/com/github/docker-java/docker-java-api/3.2.13/docker-java-api-3.2.13.jar:/home/qbuser/.m2/repository/com/fasterxml/jackson/core/jackson-annotations/2.10.3/jackson-annotations-2.10.3.jar:/home/qbuser/.m2/repository/commons-io/commons-io/2.6/commons-io-2.6.jar:/home/qbuser/.m2/repository/org/apache/commons/commons-compress/1.21/commons-compress-1.21.jar:/home/qbuser/.m2/repository/com/fasterxml/jackson/core/jackson-databind/2.10.3/jackson-databind-2.10.3.jar:/home/qbuser/.m2/repository/com/fasterxml/jackson/core/jackson-core/2.10.3/jackson-core-2.10.3.jar:/home/qbuser/.m2/repository/org/bouncycastle/bcpkix-jdk15on/1.64/bcpkix-jdk15on-1.64.jar:/home/qbuser/.m2/repository/org/bouncycastle/bcprov-jdk15on/1.64/bcprov-jdk15on-1.64.jar:/home/qbuser/.m2/repository/org/slf4j/jcl-over-slf4j/1.7.30/jcl-over-slf4j-1.7.30.jar:/home/qbuser/.m2/repository/com/github/docker-java/docker-java-transport-httpclient5/3.2.13/docker-java-transport-httpclient5-3.2.13.jar:/home/qbuser/.m2/repository/com/github/docker-java/docker-java-transport/3.2.13/docker-java-transport-3.2.13.jar:/home/qbuser/.m2/repository/org/apache/httpcomponents/client5/httpclient5/5.0.3/httpclient5-5.0.3.jar:/home/qbuser/.m2/repository/org/apache/httpcomponents/core5/httpcore5/5.0.2/httpcore5-5.0.2.jar:/home/qbuser/.m2/repository/commons-codec/commons-codec/1.13/commons-codec-1.13.jar:/home/qbuser/.m2/repository/net/java/dev/jna/jna/5.8.0/jna-5.8.0.jar:/home/qbuser/.m2/repository/org/brotli/dec/0.1.2/dec-0.1.2.jar:/home/qbuser/.m2/repository/org/apache/commons/commons-lang3/3.12.0/commons-lang3-3.12.0.jar:/home/qbuser/.m2/repository/io/cucumber/cucumber-java/7.2.3/cucumber-java-7.2.3.jar:/home/qbuser/.m2/repository/io/cucumber/cucumber-core/7.2.3/cucumber-core-7.2.3.jar:/home/qbuser/.m2/repository/io/cucumber/cucumber-gherkin/7.2.3/cucumber-gherkin-7.2.3.jar:/home/qbuser/.m2/repository/io/cucumber/cucumber-gherkin-messages/7.2.3/cucumber-gherkin-messages-7.2.3.jar:/home/qbuser/.m2/repository/io/cucumber/messages/17.1.1/messages-17.1.1.jar:/home/qbuser/.m2/repository/io/cucumber/tag-expressions/4.1.0/tag-expressions-4.1.0.jar:/home/qbuser/.m2/repository/io/cucumber/cucumber-expressions/15.0.1/cucumber-expressions-15.0.1.jar:/home/qbuser/.m2/repository/io/cucumber/datatable/7.2.3/datatable-7.2.3.jar:/home/qbuser/.m2/repository/io/cucumber/cucumber-plugin/7.2.3/cucumber-plugin-7.2.3.jar:/home/qbuser/.m2/repository/io/cucumber/docstring/7.2.3/docstring-7.2.3.jar:/home/qbuser/.m2/repository/io/cucumber/html-formatter/17.0.0/html-formatter-17.0.0.jar:/home/qbuser/.m2/repository/io/cucumber/ci-environment/8.1.0/ci-environment-8.1.0.jar:/home/qbuser/.m2/repository/org/apiguardian/apiguardian-api/1.1.2/apiguardian-api-1.1.2.jar:/home/qbuser/.m2/repository/io/cucumber/cucumber-testng/7.2.3/cucumber-testng-7.2.3.jar:/home/qbuser/.m2/repository/org/testng/testng/7.4.0/testng-7.4.0.jar:/home/qbuser/.m2/repository/org/webjars/jquery/3.5.1/jquery-3.5.1.jar:/home/qbuser/.m2/repository/com/google/inject/guice/5.1.0/guice-5.1.0.jar:/home/qbuser/.m2/repository/javax/inject/javax.inject/1/javax.inject-1.jar:/home/qbuser/.m2/repository/aopalliance/aopalliance/1.0/aopalliance-1.0.jar:/home/qbuser/.m2/repository/com/google/guava/guava/30.1-jre/guava-30.1-jre.jar:/home/qbuser/.m2/repository/com/google/guava/failureaccess/1.0.1/failureaccess-1.0.1.jar:/home/qbuser/.m2/repository/com/google/guava/listenablefuture/9999.0-empty-to-avoid-conflict-with-guava/listenablefuture-9999.0-empty-to-avoid-conflict-with-guava.jar:/home/qbuser/.m2/repository/com/google/code/findbugs/jsr305/3.0.2/jsr305-3.0.2.jar:/home/qbuser/.m2/repository/org/checkerframework/checker-qual/3.5.0/checker-qual-3.5.0.jar:/home/qbuser/.m2/repository/com/google/errorprone/error_prone_annotations/2.3.4/error_prone_annotations-2.3.4.jar:/home/qbuser/.m2/repository/com/google/j2objc/j2objc-annotations/1.3/j2objc-annotations-1.3.jar:/home/qbuser/.m2/repository/io/cucumber/cucumber-guice/7.6.0/cucumber-guice-7.6.0.jar:/home/qbuser/.m2/repository/com/aventstack/extentreports/5.0.6/extentreports-5.0.6.jar:/home/qbuser/.m2/repository/io/reactivex/rxjava3/rxjava/3.0.4/rxjava-3.0.4.jar:/home/qbuser/.m2/repository/org/reactivestreams/reactive-streams/1.0.3/reactive-streams-1.0.3.jar:/home/qbuser/.m2/repository/org/freemarker/freemarker/2.3.30/freemarker-2.3.30.jar:/home/qbuser/.m2/repository/org/projectlombok/lombok/1.18.22/lombok-1.18.22.jar:/home/qbuser/.m2/repository/org/aeonbits/owner/owner-java8/1.0.12/owner-java8-1.0.12.jar:/home/qbuser/.m2/repository/org/aeonbits/owner/owner/1.0.12/owner-1.0.12.jar:"/>
    <property name="sun.cpu.endian" value="little"/>
    <property name="user.home" value="/home/qbuser"/>
    <property name="user.language" value="en"/>
    <property name="java.specification.vendor" value="Oracle Corporation"/>
    <property name="java.version.date" value="2022-07-19"/>
    <property name="java.home" value="/usr/lib/jvm/java-11-openjdk-amd64"/>
    <property name="file.separator" value="/"/>
    <property name="basedir" value="/home/qbuser/Kadavil/IdeaWorkSpace/Selenium4CucumberHybridFramework"/>
    <property name="java.vm.compressedOopsMode" value="Zero based"/>
    <property name="line.separator" value="&#10;"/>
    <property name="java.specification.name" value="Java Platform API Specification"/>
    <property name="java.vm.specification.vendor" value="Oracle Corporation"/>
    <property name="java.awt.graphicsenv" value="sun.awt.X11GraphicsEnvironment"/>
    <property name="surefire.real.class.path" value="/home/qbuser/Kadavil/IdeaWorkSpace/Selenium4CucumberHybridFramework/target/surefire/surefirebooter5063342959864642247.jar"/>
    <property name="sun.management.compiler" value="HotSpot 64-Bit Tiered Compilers"/>
    <property name="java.runtime.version" value="11.0.16+8-post-Ubuntu-0ubuntu118.04"/>
    <property name="user.name" value="qbuser"/>
    <property name="path.separator" value=":"/>
    <property name="os.version" value="5.4.0-122-generic"/>
    <property name="java.runtime.name" value="OpenJDK Runtime Environment"/>
    <property name="file.encoding" value="UTF-8"/>
    <property name="sun.nio.ch.bugLevel" value=""/>
    <property name="java.vm.name" value="OpenJDK 64-Bit Server VM"/>
    <property name="localRepository" value="/home/qbuser/.m2/repository"/>
    <property name="java.vendor.url.bug" value="https://bugs.launchpad.net/ubuntu/+source/openjdk-lts"/>
    <property name="java.io.tmpdir" value="/tmp"/>
    <property name="java.version" value="11.0.16"/>
    <property name="user.dir" value="/home/qbuser/Kadavil/IdeaWorkSpace/Selenium4CucumberHybridFramework"/>
    <property name="os.arch" value="amd64"/>
    <property name="java.vm.specification.name" value="Java Virtual Machine Specification"/>
    <property name="java.awt.printerjob" value="sun.print.PSPrinterJob"/>
    <property name="sun.os.patch.level" value="unknown"/>
    <property name="java.library.path" value="/usr/java/packages/lib:/usr/lib/x86_64-linux-gnu/jni:/lib/x86_64-linux-gnu:/usr/lib/x86_64-linux-gnu:/usr/lib/jni:/lib:/usr/lib"/>
    <property name="java.vm.info" value="mixed mode, sharing"/>
    <property name="java.vendor" value="Ubuntu"/>
    <property name="java.vm.version" value="11.0.16+8-post-Ubuntu-0ubuntu118.04"/>
    <property name="sun.io.unicode.encoding" value="UnicodeLittle"/>
    <property name="java.class.version" value="55.0"/>
  </properties>
  <testcase name="runScenario[&quot;login different users&quot;, &quot;Optional[Login]&quot;](1)" classname="com.runners.TestRunner" time="4.456">
    <system-err><![CDATA[SLF4J: Failed to load class "org.slf4j.impl.StaticLoggerBinder".
SLF4J: Defaulting to no-operation (NOP) logger implementation
SLF4J: See http://www.slf4j.org/codes.html#StaticLoggerBinder for further details.
StartiSntga CrhtroiSmntgea DrCrthiirveorm e1D0r4i.0v.e5nr1g12  .C17h09r4 o(.m30ec.Df53r1ei18v2ce8.r7a 9017 0d(140.340cb.9fe53112e16820cc.8971a900e f7(bd381fc30f8433b2e8985decc185-2ar60ef07s/dcb19r0a14n0cbeh9f-ehb1e8a2d60c910esf/b5f8f31381832322858@d{c#51-3r0e7f}s)/ borann cpho5-rheta d4s4/4513152
@O{n#l1y30 7l}o)c aoln  pcoordntnc 5e55-c82tr7ie
foOnnsls/ bya rrlaoecn acallh c-lohonweneaecddti.so
/nsP5 l1are1e2a as@le{lo #ws1ed3e.e0
P 7l}het)as teop nsse e:p /oh/trctth pr4s:o6/m4/ce6hd9rro
miOendvrelirv.ycehrr .locmohrcioaummilu.mo.rogr/gs/ecsuecriurtiyt-yco-ncosinsdiedreatriatoinos nfso fr ors ugsuggegsetsitonison son o kn ekeepeipngin Cg hCrohrmeomDreDirveirve rs afsae.f
e.Ch
CrhormeoDmerDiriverv ewras w satsa srtteard steucd cseuSsctscaefrustslilfngyu l.Cl
hyro.m
eDr iverc o1n0n4e.c0ti.o5n1s 1a2r.e 7a9l lo(w3ecd.f
3Pele8acse8 ase0e7 hdt1tp0s4:/b/9cehr1o2m6ed0ricv9e1r.0cehrfobm8iufm3.o8r3g/2se8c5udrcit5y--croenfsisd/ebrartiaonnsc fho-rh seuagdgse/st5i1o1ns2 @o{n #k1ee3p0in7g} C)h roomne Drpiovretr  sa4f3e.9
0C5hr
oOmnelDryi vlero cwaals  sctoanrtneed cstucicoensss fualre lalyl.o
wed.
Please see https://chromedriver.chromium.org/security-considerations for suggestions on keeping ChromeDriver safe.
ChromeDriver was started successfully.
Aug 21, 2022 12:40:04 PM org.openqa.selenium.remote.ProtocolHandshake createSession
INFO: Detected dialect: W3C
Aug 21, 2022 12:40:04 PM org.openqa.selenium.remote.ProtocolHandshake createSession
INFO: Detected dialect: W3C
Aug 21, 2022 12:40:04 PM org.openqa.selenium.remote.ProtocolHandshake createSession
INFO: Detected dialect: W3C
Aug 21, 2022 12:40:04 PM org.openqa.selenium.remote.ProtocolHandshake createSession
INFO: Detected dialect: W3C
Aug 21, 2022 12:40:05 PM org.openqa.selenium.devtools.CdpVersionFinder findNearestMatch
WARNING: Unable to find an exact match for CDP version 104, so returning the closest version found: a no-op implementation
Aug 21, 2022 12:40:05 PM org.openqa.selenium.devtools.CdpVersionFinder findNearestMatch
INFO: Unable to find CDP implementation matching 104.
Aug 21, 2022 12:40:05 PM org.openqa.selenium.devtools.CdpVersionFinder findNearestMatch
WARNING: Unable to find an exact match for CDP version 104, so returning the closest version found: a no-op implementation
Aug 21, 2022 12:40:05 PM org.openqa.selenium.devtools.CdpVersionFinder findNearestMatch
WARNING: Unable to find an exact match for CDP version 104, so returning the closest version found: a no-op implementation
Aug 21, 2022 12:40:05 PM org.openqa.selenium.devtools.CdpVersionFinder findNearestMatch
WARNING: Unable to find an exact match for CDP version 104, so returning the closest version found: a no-op implementation
Aug 21, 2022 12:40:05 PM org.openqa.selenium.devtools.CdpVersionFinder findNearestMatch
INFO: Unable to find CDP implementation matching 104.
Aug 21, 2022 12:40:05 PM org.openqa.selenium.chromium.ChromiumDriver lambda$new$3
WARNING: Unable to find version of CDP to use for . You may need to include a dependency on a specific version of the CDP using something similar to `org.seleniumhq.selenium:selenium-devtools-v86:4.1.1` where the version ("v86") matches the version of the chromium-based browser you're using and the version number of the artifact is the same as Selenium's.
Aug 21, 2022 12:40:05 PM org.openqa.selenium.devtools.CdpVersionFinder findNearestMatch
INFO: Unable to find CDP implementation matching 104.
Aug 21, 2022 12:40:05 PM org.openqa.selenium.chromium.ChromiumDriver lambda$new$3
WARNING: Unable to find version of CDP to use for . You may need to include a dependency on a specific version of the CDP using something similar to `org.seleniumhq.selenium:selenium-devtools-v86:4.1.1` where the version ("v86") matches the version of the chromium-based browser you're using and the version number of the artifact is the same as Selenium's.
Aug 21, 2022 12:40:05 PM org.openqa.selenium.devtools.CdpVersionFinder findNearestMatch
INFO: Unable to find CDP implementation matching 104.
Aug 21, 2022 12:40:05 PM org.openqa.selenium.chromium.ChromiumDriver lambda$new$3
WARNING: Unable to find version of CDP to use for . You may need to include a dependency on a specific version of the CDP using something similar to `org.seleniumhq.selenium:selenium-devtools-v86:4.1.1` where the version ("v86") matches the version of the chromium-based browser you're using and the version number of the artifact is the same as Selenium's.
Aug 21, 2022 12:40:05 PM org.openqa.selenium.chromium.ChromiumDriver lambda$new$3
WARNING: Unable to find version of CDP to use for . You may need to include a dependency on a specific version of the CDP using something similar to `org.seleniumhq.selenium:selenium-devtools-v86:4.1.1` where the version ("v86") matches the version of the chromium-based browser you're using and the version number of the artifact is the same as Selenium's.
]]></system-err>
  </testcase>
  <testcase name="runScenario[&quot;login different users&quot;, &quot;Optional[Login]&quot;](2)" classname="com.runners.TestRunner" time="1.633">
    <system-err><![CDATA[Starting ChromeDriver 104.0.5112.79 (3cf3e8c8a07d104b9e1260c910efb8f383285dc5-refs/branch-heads/5112@{#1307}) on port 54087
Only local connections are allowed.
Please see https://chromedriver.chromium.org/security-considerations for suggestions on keeping ChromeDriver safe.
ChromeDriver was started successfully.
Aug 21, 2022 12:40:08 PM org.openqa.selenium.remote.ProtocolHandshake createSession
INFO: Detected dialect: W3C
Aug 21, 2022 12:40:08 PM org.openqa.selenium.devtools.CdpVersionFinder findNearestMatch
WARNING: Unable to find an exact match for CDP version 104, so returning the closest version found: a no-op implementation
Aug 21, 2022 12:40:08 PM org.openqa.selenium.devtools.CdpVersionFinder findNearestMatch
INFO: Unable to find CDP implementation matching 104.
Aug 21, 2022 12:40:08 PM org.openqa.selenium.chromium.ChromiumDriver lambda$new$3
WARNING: Unable to find version of CDP to use for . You may need to include a dependency on a specific version of the CDP using something similar to `org.seleniumhq.selenium:selenium-devtools-v86:4.1.1` where the version ("v86") matches the version of the chromium-based browser you're using and the version number of the artifact is the same as Selenium's.
]]></system-err>
  </testcase>
  <testcase name="runScenario[&quot;login different users&quot;, &quot;Optional[Login]&quot;](3)" classname="com.runners.TestRunner" time="1.585">
    <system-err><![CDATA[Starting ChromeDriver 104.0.5112.79 (3cf3e8c8a07d104b9e1260c910efb8f383285dc5-refs/branch-heads/5112@{#1307}) on port 54490
Only local connections are allowed.
Please see https://chromedriver.chromium.org/security-considerations for suggestions on keeping ChromeDriver safe.
ChromeDriver was started successfully.
Aug 21, 2022 12:40:09 PM org.openqa.selenium.remote.ProtocolHandshake createSession
INFO: Detected dialect: W3C
Aug 21, 2022 12:40:09 PM org.openqa.selenium.devtools.CdpVersionFinder findNearestMatch
WARNING: Unable to find an exact match for CDP version 104, so returning the closest version found: a no-op implementation
Aug 21, 2022 12:40:09 PM org.openqa.selenium.devtools.CdpVersionFinder findNearestMatch
INFO: Unable to find CDP implementation matching 104.
Aug 21, 2022 12:40:09 PM org.openqa.selenium.chromium.ChromiumDriver lambda$new$3
WARNING: Unable to find version of CDP to use for . You may need to include a dependency on a specific version of the CDP using something similar to `org.seleniumhq.selenium:selenium-devtools-v86:4.1.1` where the version ("v86") matches the version of the chromium-based browser you're using and the version number of the artifact is the same as Selenium's.
]]></system-err>
  </testcase>
  <testcase name="runScenario[&quot;login different users&quot;, &quot;Optional[Login]&quot;](4)" classname="com.runners.TestRunner" time="6.938">
    <failure message="Expected condition failed: waiting for element to be clickable: By.xpath: //a[@class=&apos;ico-logout&apos;] (tried for 10 second(s) with 500 milliseconds interval)&#10;Build info: version: &apos;4.1.1&apos;, revision: &apos;e8fcc2cecf&apos;&#10;System info: host: &apos;QB-KRT-10370&apos;, ip: &apos;127.0.1.1&apos;, os.name: &apos;Linux&apos;, os.arch: &apos;amd64&apos;, os.version: &apos;5.4.0-122-generic&apos;, java.version: &apos;11.0.16&apos;&#10;Driver info: org.openqa.selenium.chrome.ChromeDriver&#10;Capabilities {acceptInsecureCerts: false, browserName: chrome, browserVersion: 104.0.5112.79, chrome: {chromedriverVersion: 104.0.5112.79 (3cf3e8c8a07d..., userDataDir: /tmp/.com.google.Chrome.VaYnYL}, goog:chromeOptions: {debuggerAddress: localhost:38103}, javascriptEnabled: true, networkConnectionEnabled: false, pageLoadStrategy: normal, platform: LINUX, platformName: LINUX, proxy: Proxy(), se:cdp: ws://localhost:38103/devtoo..., se:cdpVersion: 104.0.5112.79, setWindowRect: true, strictFileInteractability: false, timeouts: {implicit: 0, pageLoad: 300000, script: 30000}, unhandledPromptBehavior: dismiss and notify, webauthn:extension:credBlob: true, webauthn:extension:largeBlob: true, webauthn:virtualAuthenticators: true}&#10;Session ID: 62791acc78b1092a92a812d6dfe2bddc" type="org.openqa.selenium.TimeoutException"><![CDATA[org.openqa.selenium.TimeoutException: 
Expected condition failed: waiting for element to be clickable: By.xpath: //a[@class='ico-logout'] (tried for 10 second(s) with 500 milliseconds interval)
Build info: version: '4.1.1', revision: 'e8fcc2cecf'
System info: host: 'QB-KRT-10370', ip: '127.0.1.1', os.name: 'Linux', os.arch: 'amd64', os.version: '5.4.0-122-generic', java.version: '11.0.16'
Driver info: org.openqa.selenium.chrome.ChromeDriver
Capabilities {acceptInsecureCerts: false, browserName: chrome, browserVersion: 104.0.5112.79, chrome: {chromedriverVersion: 104.0.5112.79 (3cf3e8c8a07d..., userDataDir: /tmp/.com.google.Chrome.VaYnYL}, goog:chromeOptions: {debuggerAddress: localhost:38103}, javascriptEnabled: true, networkConnectionEnabled: false, pageLoadStrategy: normal, platform: LINUX, platformName: LINUX, proxy: Proxy(), se:cdp: ws://localhost:38103/devtoo..., se:cdpVersion: 104.0.5112.79, setWindowRect: true, strictFileInteractability: false, timeouts: {implicit: 0, pageLoad: 300000, script: 30000}, unhandledPromptBehavior: dismiss and notify, webauthn:extension:credBlob: true, webauthn:extension:largeBlob: true, webauthn:virtualAuthenticators: true}
Session ID: 62791acc78b1092a92a812d6dfe2bddc
]]></failure>
    <system-err><![CDATA[Starting ChromeDriver 104.0.5112.79 (3cf3e8c8a07d104b9e1260c910efb8f383285dc5-refs/branch-heads/5112@{#1307}) on port 49733
Only local connections are allowed.
Please see https://chromedriver.chromium.org/security-considerations for suggestions on keeping ChromeDriver safe.
ChromeDriver was started successfully.
Aug 21, 2022 12:40:11 PM org.openqa.selenium.remote.ProtocolHandshake createSession
INFO: Detected dialect: W3C
Aug 21, 2022 12:40:11 PM org.openqa.selenium.devtools.CdpVersionFinder findNearestMatch
WARNING: Unable to find an exact match for CDP version 104, so returning the closest version found: a no-op implementation
Aug 21, 2022 12:40:11 PM org.openqa.selenium.devtools.CdpVersionFinder findNearestMatch
INFO: Unable to find CDP implementation matching 104.
Aug 21, 2022 12:40:11 PM org.openqa.selenium.chromium.ChromiumDriver lambda$new$3
WARNING: Unable to find version of CDP to use for . You may need to include a dependency on a specific version of the CDP using something similar to `org.seleniumhq.selenium:selenium-devtools-v86:4.1.1` where the version ("v86") matches the version of the chromium-based browser you're using and the version number of the artifact is the same as Selenium's.
]]></system-err>
  </testcase>
  <testcase name="runScenario[&quot;login different users&quot;, &quot;Optional[Login]&quot;](5)" classname="com.runners.TestRunner" time="0.008">
    <failure message="Expected condition failed: waiting for element to be clickable: By.xpath: //a[@class=&apos;ico-logout&apos;] (tried for 10 second(s) with 500 milliseconds interval)&#10;Build info: version: &apos;4.1.1&apos;, revision: &apos;e8fcc2cecf&apos;&#10;System info: host: &apos;QB-KRT-10370&apos;, ip: &apos;127.0.1.1&apos;, os.name: &apos;Linux&apos;, os.arch: &apos;amd64&apos;, os.version: &apos;5.4.0-122-generic&apos;, java.version: &apos;11.0.16&apos;&#10;Driver info: org.openqa.selenium.chrome.ChromeDriver&#10;Capabilities {acceptInsecureCerts: false, browserName: chrome, browserVersion: 104.0.5112.79, chrome: {chromedriverVersion: 104.0.5112.79 (3cf3e8c8a07d..., userDataDir: /tmp/.com.google.Chrome.2aYnYL}, goog:chromeOptions: {debuggerAddress: localhost:33483}, javascriptEnabled: true, networkConnectionEnabled: false, pageLoadStrategy: normal, platform: LINUX, platformName: LINUX, proxy: Proxy(), se:cdp: ws://localhost:33483/devtoo..., se:cdpVersion: 104.0.5112.79, setWindowRect: true, strictFileInteractability: false, timeouts: {implicit: 0, pageLoad: 300000, script: 30000}, unhandledPromptBehavior: dismiss and notify, webauthn:extension:credBlob: true, webauthn:extension:largeBlob: true, webauthn:virtualAuthenticators: true}&#10;Session ID: 607682be9b28490d3a1129a04d4d9233" type="org.openqa.selenium.TimeoutException"><![CDATA[org.openqa.selenium.TimeoutException: 
Expected condition failed: waiting for element to be clickable: By.xpath: //a[@class='ico-logout'] (tried for 10 second(s) with 500 milliseconds interval)
Build info: version: '4.1.1', revision: 'e8fcc2cecf'
System info: host: 'QB-KRT-10370', ip: '127.0.1.1', os.name: 'Linux', os.arch: 'amd64', os.version: '5.4.0-122-generic', java.version: '11.0.16'
Driver info: org.openqa.selenium.chrome.ChromeDriver
Capabilities {acceptInsecureCerts: false, browserName: chrome, browserVersion: 104.0.5112.79, chrome: {chromedriverVersion: 104.0.5112.79 (3cf3e8c8a07d..., userDataDir: /tmp/.com.google.Chrome.2aYnYL}, goog:chromeOptions: {debuggerAddress: localhost:33483}, javascriptEnabled: true, networkConnectionEnabled: false, pageLoadStrategy: normal, platform: LINUX, platformName: LINUX, proxy: Proxy(), se:cdp: ws://localhost:33483/devtoo..., se:cdpVersion: 104.0.5112.79, setWindowRect: true, strictFileInteractability: false, timeouts: {implicit: 0, pageLoad: 300000, script: 30000}, unhandledPromptBehavior: dismiss and notify, webauthn:extension:credBlob: true, webauthn:extension:largeBlob: true, webauthn:virtualAuthenticators: true}
Session ID: 607682be9b28490d3a1129a04d4d9233
]]></failure>
  </testcase>
  <testcase name="runScenario[&quot;login different users&quot;, &quot;Optional[Login]&quot;](6)" classname="com.runners.TestRunner" time="0.009">
    <failure message="Expected condition failed: waiting for element to be clickable: By.xpath: //a[@class=&apos;ico-logout&apos;] (tried for 10 second(s) with 500 milliseconds interval)&#10;Build info: version: &apos;4.1.1&apos;, revision: &apos;e8fcc2cecf&apos;&#10;System info: host: &apos;QB-KRT-10370&apos;, ip: &apos;127.0.1.1&apos;, os.name: &apos;Linux&apos;, os.arch: &apos;amd64&apos;, os.version: &apos;5.4.0-122-generic&apos;, java.version: &apos;11.0.16&apos;&#10;Driver info: org.openqa.selenium.chrome.ChromeDriver&#10;Capabilities {acceptInsecureCerts: false, browserName: chrome, browserVersion: 104.0.5112.79, chrome: {chromedriverVersion: 104.0.5112.79 (3cf3e8c8a07d..., userDataDir: /tmp/.com.google.Chrome.PWMoYL}, goog:chromeOptions: {debuggerAddress: localhost:39305}, javascriptEnabled: true, networkConnectionEnabled: false, pageLoadStrategy: normal, platform: LINUX, platformName: LINUX, proxy: Proxy(), se:cdp: ws://localhost:39305/devtoo..., se:cdpVersion: 104.0.5112.79, setWindowRect: true, strictFileInteractability: false, timeouts: {implicit: 0, pageLoad: 300000, script: 30000}, unhandledPromptBehavior: dismiss and notify, webauthn:extension:credBlob: true, webauthn:extension:largeBlob: true, webauthn:virtualAuthenticators: true}&#10;Session ID: 009e092f55e6b674f702924643280ea7" type="org.openqa.selenium.TimeoutException"><![CDATA[org.openqa.selenium.TimeoutException: 
Expected condition failed: waiting for element to be clickable: By.xpath: //a[@class='ico-logout'] (tried for 10 second(s) with 500 milliseconds interval)
Build info: version: '4.1.1', revision: 'e8fcc2cecf'
System info: host: 'QB-KRT-10370', ip: '127.0.1.1', os.name: 'Linux', os.arch: 'amd64', os.version: '5.4.0-122-generic', java.version: '11.0.16'
Driver info: org.openqa.selenium.chrome.ChromeDriver
Capabilities {acceptInsecureCerts: false, browserName: chrome, browserVersion: 104.0.5112.79, chrome: {chromedriverVersion: 104.0.5112.79 (3cf3e8c8a07d..., userDataDir: /tmp/.com.google.Chrome.PWMoYL}, goog:chromeOptions: {debuggerAddress: localhost:39305}, javascriptEnabled: true, networkConnectionEnabled: false, pageLoadStrategy: normal, platform: LINUX, platformName: LINUX, proxy: Proxy(), se:cdp: ws://localhost:39305/devtoo..., se:cdpVersion: 104.0.5112.79, setWindowRect: true, strictFileInteractability: false, timeouts: {implicit: 0, pageLoad: 300000, script: 30000}, unhandledPromptBehavior: dismiss and notify, webauthn:extension:credBlob: true, webauthn:extension:largeBlob: true, webauthn:virtualAuthenticators: true}
Session ID: 009e092f55e6b674f702924643280ea7
]]></failure>
  </testcase>
  <testcase name="runScenario[&quot;login different users&quot;, &quot;Optional[Login]&quot;](7)" classname="com.runners.TestRunner" time="4.927">
    <failure message="Expected condition failed: waiting for element to be clickable: By.xpath: //a[@class=&apos;ico-logout&apos;] (tried for 10 second(s) with 500 milliseconds interval)&#10;Build info: version: &apos;4.1.1&apos;, revision: &apos;e8fcc2cecf&apos;&#10;System info: host: &apos;QB-KRT-10370&apos;, ip: &apos;127.0.1.1&apos;, os.name: &apos;Linux&apos;, os.arch: &apos;amd64&apos;, os.version: &apos;5.4.0-122-generic&apos;, java.version: &apos;11.0.16&apos;&#10;Driver info: org.openqa.selenium.chrome.ChromeDriver&#10;Capabilities {acceptInsecureCerts: false, browserName: chrome, browserVersion: 104.0.5112.79, chrome: {chromedriverVersion: 104.0.5112.79 (3cf3e8c8a07d..., userDataDir: /tmp/.com.google.Chrome.9VbllE}, goog:chromeOptions: {debuggerAddress: localhost:43783}, javascriptEnabled: true, networkConnectionEnabled: false, pageLoadStrategy: normal, platform: LINUX, platformName: LINUX, proxy: Proxy(), se:cdp: ws://localhost:43783/devtoo..., se:cdpVersion: 104.0.5112.79, setWindowRect: true, strictFileInteractability: false, timeouts: {implicit: 0, pageLoad: 300000, script: 30000}, unhandledPromptBehavior: dismiss and notify, webauthn:extension:credBlob: true, webauthn:extension:largeBlob: true, webauthn:virtualAuthenticators: true}&#10;Session ID: 78a8f6f2d488a920e3f949da592e17ef" type="org.openqa.selenium.TimeoutException"><![CDATA[org.openqa.selenium.TimeoutException: 
Expected condition failed: waiting for element to be clickable: By.xpath: //a[@class='ico-logout'] (tried for 10 second(s) with 500 milliseconds interval)
Build info: version: '4.1.1', revision: 'e8fcc2cecf'
System info: host: 'QB-KRT-10370', ip: '127.0.1.1', os.name: 'Linux', os.arch: 'amd64', os.version: '5.4.0-122-generic', java.version: '11.0.16'
Driver info: org.openqa.selenium.chrome.ChromeDriver
Capabilities {acceptInsecureCerts: false, browserName: chrome, browserVersion: 104.0.5112.79, chrome: {chromedriverVersion: 104.0.5112.79 (3cf3e8c8a07d..., userDataDir: /tmp/.com.google.Chrome.9VbllE}, goog:chromeOptions: {debuggerAddress: localhost:43783}, javascriptEnabled: true, networkConnectionEnabled: false, pageLoadStrategy: normal, platform: LINUX, platformName: LINUX, proxy: Proxy(), se:cdp: ws://localhost:43783/devtoo..., se:cdpVersion: 104.0.5112.79, setWindowRect: true, strictFileInteractability: false, timeouts: {implicit: 0, pageLoad: 300000, script: 30000}, unhandledPromptBehavior: dismiss and notify, webauthn:extension:credBlob: true, webauthn:extension:largeBlob: true, webauthn:virtualAuthenticators: true}
Session ID: 78a8f6f2d488a920e3f949da592e17ef
]]></failure>
    <system-err><![CDATA[Starting ChromeDriver 104.0.5112.79 (3cf3e8c8a07d104b9e1260c910efb8f383285dc5-refs/branch-heads/5112@{#1307}) on port 38840
Only local connections are allowed.
Please see https://chromedriver.chromium.org/security-considerations for suggestions on keeping ChromeDriver safe.
ChromeDriver was started successfully.
Aug 21, 2022 12:40:18 PM org.openqa.selenium.remote.ProtocolHandshake createSession
INFO: Detected dialect: W3C
Aug 21, 2022 12:40:18 PM org.openqa.selenium.devtools.CdpVersionFinder findNearestMatch
WARNING: Unable to find an exact match for CDP version 104, so returning the closest version found: a no-op implementation
Aug 21, 2022 12:40:18 PM org.openqa.selenium.devtools.CdpVersionFinder findNearestMatch
INFO: Unable to find CDP implementation matching 104.
Aug 21, 2022 12:40:18 PM org.openqa.selenium.chromium.ChromiumDriver lambda$new$3
WARNING: Unable to find version of CDP to use for . You may need to include a dependency on a specific version of the CDP using something similar to `org.seleniumhq.selenium:selenium-devtools-v86:4.1.1` where the version ("v86") matches the version of the chromium-based browser you're using and the version number of the artifact is the same as Selenium's.
]]></system-err>
  </testcase>
  <testcase name="runScenario[&quot;login different users&quot;, &quot;Optional[Login]&quot;](8)" classname="com.runners.TestRunner" time="11.366">
    <failure message="Expected condition failed: waiting for element to be clickable: By.xpath: //a[@class=&apos;ico-logout&apos;] (tried for 10 second(s) with 500 milliseconds interval)&#10;Build info: version: &apos;4.1.1&apos;, revision: &apos;e8fcc2cecf&apos;&#10;System info: host: &apos;QB-KRT-10370&apos;, ip: &apos;127.0.1.1&apos;, os.name: &apos;Linux&apos;, os.arch: &apos;amd64&apos;, os.version: &apos;5.4.0-122-generic&apos;, java.version: &apos;11.0.16&apos;&#10;Driver info: org.openqa.selenium.chrome.ChromeDriver&#10;Capabilities {acceptInsecureCerts: false, browserName: chrome, browserVersion: 104.0.5112.79, chrome: {chromedriverVersion: 104.0.5112.79 (3cf3e8c8a07d..., userDataDir: /tmp/.com.google.Chrome.tMwr5Q}, goog:chromeOptions: {debuggerAddress: localhost:32889}, javascriptEnabled: true, networkConnectionEnabled: false, pageLoadStrategy: normal, platform: LINUX, platformName: LINUX, proxy: Proxy(), se:cdp: ws://localhost:32889/devtoo..., se:cdpVersion: 104.0.5112.79, setWindowRect: true, strictFileInteractability: false, timeouts: {implicit: 0, pageLoad: 300000, script: 30000}, unhandledPromptBehavior: dismiss and notify, webauthn:extension:credBlob: true, webauthn:extension:largeBlob: true, webauthn:virtualAuthenticators: true}&#10;Session ID: 9eb9266a0d0805fa40e5e192321d705a" type="org.openqa.selenium.TimeoutException"><![CDATA[org.openqa.selenium.TimeoutException: 
Expected condition failed: waiting for element to be clickable: By.xpath: //a[@class='ico-logout'] (tried for 10 second(s) with 500 milliseconds interval)
Build info: version: '4.1.1', revision: 'e8fcc2cecf'
System info: host: 'QB-KRT-10370', ip: '127.0.1.1', os.name: 'Linux', os.arch: 'amd64', os.version: '5.4.0-122-generic', java.version: '11.0.16'
Driver info: org.openqa.selenium.chrome.ChromeDriver
Capabilities {acceptInsecureCerts: false, browserName: chrome, browserVersion: 104.0.5112.79, chrome: {chromedriverVersion: 104.0.5112.79 (3cf3e8c8a07d..., userDataDir: /tmp/.com.google.Chrome.tMwr5Q}, goog:chromeOptions: {debuggerAddress: localhost:32889}, javascriptEnabled: true, networkConnectionEnabled: false, pageLoadStrategy: normal, platform: LINUX, platformName: LINUX, proxy: Proxy(), se:cdp: ws://localhost:32889/devtoo..., se:cdpVersion: 104.0.5112.79, setWindowRect: true, strictFileInteractability: false, timeouts: {implicit: 0, pageLoad: 300000, script: 30000}, unhandledPromptBehavior: dismiss and notify, webauthn:extension:credBlob: true, webauthn:extension:largeBlob: true, webauthn:virtualAuthenticators: true}
Session ID: 9eb9266a0d0805fa40e5e192321d705a
]]></failure>
  </testcase>
</testsuite>